achananao
achan_nao
achana_tu_nao
achanatunao
achananaye
achana_naye
achanatunaye
achana_tu_naye
achananayetu
achana_na_ye_tu
achananayeye
achana_nayeye
achanatunayeye
achana_tu_nayeye
achananayeyetu
achana_na_yeye_tu
achaujinga
acha_ujinga
achangaujinga
achanga_ujinga
achananahuyofala
achana_na_huyo_fala
achanatunahuyofala
achana_tu_na_huyo_fala
achananahiofala
achana_na_hio_fala
achanatunahiofala
achana_tu_na_hio_fala
wachananao
wachan_nao
wachana_tu_nao
wachanatunao
wachananaye
wachana_naye
wachanatunaye
wachana_tu_naye
wachananayetu
wachana_na_ye_tu
wachananayeye
wachana_nayeye
wachanatunayeye
wachana_tu_nayeye
wachananayeyetu
wachana_na_yeye_tu
wachaujinga
wacha_ujinga
wachangaujinga
wachanga_ujinga
tulia
tuliatu
tulia_tu
majimbichi
maji_mbichi
majimoto
maji_moto
chumvimbichi
chumvi_mbichi
chumvibaridi
chumvi_baridi
chumviimeiva
chumvi_imeiva